mode: set
BE23TODO/features/Todos/service/logic-todo.go:12.67,17.2 1 1
BE23TODO/features/Todos/service/logic-todo.go:20.61,21.25 1 1
BE23TODO/features/Todos/service/logic-todo.go:21.25,23.3 1 1
BE23TODO/features/Todos/service/logic-todo.go:24.2,25.16 2 1
BE23TODO/features/Todos/service/logic-todo.go:25.16,27.3 1 0
BE23TODO/features/Todos/service/logic-todo.go:28.2,28.12 1 1
BE23TODO/features/Todos/service/logic-todo.go:32.59,33.13 1 1
BE23TODO/features/Todos/service/logic-todo.go:33.13,35.3 1 1
BE23TODO/features/Todos/service/logic-todo.go:36.2,37.16 2 1
BE23TODO/features/Todos/service/logic-todo.go:37.16,39.3 1 0
BE23TODO/features/Todos/service/logic-todo.go:41.2,41.32 1 1
BE23TODO/features/Todos/service/logic-todo.go:41.32,43.3 1 1
BE23TODO/features/Todos/service/logic-todo.go:45.2,45.31 1 1
BE23TODO/features/Todos/service/logic-todo.go:49.78,50.13 1 1
BE23TODO/features/Todos/service/logic-todo.go:50.13,52.3 1 1
BE23TODO/features/Todos/service/logic-todo.go:53.2,53.35 1 1
BE23TODO/features/Todos/service/logic-todo.go:57.83,58.13 1 1
BE23TODO/features/Todos/service/logic-todo.go:58.13,60.3 1 1
BE23TODO/features/Todos/service/logic-todo.go:61.2,61.25 1 1
BE23TODO/features/Todos/service/logic-todo.go:61.25,63.3 1 1
BE23TODO/features/Todos/service/logic-todo.go:65.2,66.16 2 1
BE23TODO/features/Todos/service/logic-todo.go:66.16,68.3 1 0
BE23TODO/features/Todos/service/logic-todo.go:70.2,70.32 1 1
BE23TODO/features/Todos/service/logic-todo.go:70.32,72.3 1 1
BE23TODO/features/Todos/service/logic-todo.go:74.2,74.37 1 1
BE23TODO/features/Todos/service/logic-todo.go:78.74,80.2 1 1
BE23TODO/features/Users/service/logic-user.go:15.94,21.2 1 1
BE23TODO/features/Users/service/logic-user.go:24.111,26.16 2 0
BE23TODO/features/Users/service/logic-user.go:26.16,28.3 1 0
BE23TODO/features/Users/service/logic-user.go:30.2,32.19 2 0
BE23TODO/features/Users/service/logic-user.go:32.19,34.3 1 0
BE23TODO/features/Users/service/logic-user.go:36.2,37.19 2 0
BE23TODO/features/Users/service/logic-user.go:37.19,39.3 1 0
BE23TODO/features/Users/service/logic-user.go:40.2,40.25 1 0
BE23TODO/features/Users/service/logic-user.go:45.68,46.136 1 1
BE23TODO/features/Users/service/logic-user.go:46.136,48.3 1 1
BE23TODO/features/Users/service/logic-user.go:51.2,52.96 2 1
BE23TODO/features/Users/service/logic-user.go:52.96,54.3 1 1
BE23TODO/features/Users/service/logic-user.go:56.2,56.43 1 1
BE23TODO/utils/encrypts/encrypts.go:16.37,18.2 1 1
BE23TODO/utils/encrypts/encrypts.go:20.62,22.16 2 1
BE23TODO/utils/encrypts/encrypts.go:22.16,25.3 2 0
BE23TODO/utils/encrypts/encrypts.go:27.2,27.28 1 1
BE23TODO/utils/encrypts/encrypts.go:30.71,33.2 2 1
